<?xml version="1.0" encoding="utf-8"?><testsuites><testsuite name="pytest" errors="4" failures="0" skipped="0" tests="4" time="1.174" timestamp="2025-05-20T06:35:58.350643+07:00" hostname="unknownbook.local"><testcase classname="" name="tests.test_knowledge_store_enhanced" time="0.000"><error message="collection failure">ImportError while importing test module '/Users/oli/code/GödelOS.md/tests/test_knowledge_store_enhanced.py'.
Hint: make sure your test modules/packages have valid Python names.
Traceback:
/opt/anaconda3/lib/python3.12/importlib/__init__.py:90: in import_module
    return _bootstrap._gcd_import(name[level:], package, level)
tests/test_knowledge_store_enhanced.py:21: in &lt;module&gt;
    from godelOS.core_kr.knowledge_store.interface import QueryResult
E   ImportError: cannot import name 'QueryResult' from 'godelOS.core_kr.knowledge_store.interface' (/Users/oli/code/GödelOS.md/godelOS/core_kr/knowledge_store/interface.py)</error></testcase><testcase classname="" name="tests.test_modal_tableau_prover_enhanced" time="0.000"><error message="collection failure">godel_venv/lib/python3.12/site-packages/_pytest/python.py:493: in importtestmodule
    mod = import_path(
godel_venv/lib/python3.12/site-packages/_pytest/pathlib.py:587: in import_path
    importlib.import_module(module_name)
/opt/anaconda3/lib/python3.12/importlib/__init__.py:90: in import_module
    return _bootstrap._gcd_import(name[level:], package, level)
&lt;frozen importlib._bootstrap&gt;:1387: in _gcd_import
    ???
&lt;frozen importlib._bootstrap&gt;:1360: in _find_and_load
    ???
&lt;frozen importlib._bootstrap&gt;:1331: in _find_and_load_unlocked
    ???
&lt;frozen importlib._bootstrap&gt;:935: in _load_unlocked
    ???
godel_venv/lib/python3.12/site-packages/_pytest/assertion/rewrite.py:176: in exec_module
    source_stat, co = _rewrite_test(fn, self.config)
godel_venv/lib/python3.12/site-packages/_pytest/assertion/rewrite.py:356: in _rewrite_test
    tree = ast.parse(source, filename=strfn)
/opt/anaconda3/lib/python3.12/ast.py:52: in parse
    return compile(source, filename, mode, flags,
E     File "/Users/oli/code/GödelOS.md/tests/test_modal_tableau_prover_enhanced.py", line 400
E       def test_common_knowledge(self):
E                                       ^
E   IndentationError: unindent does not match any outer indentation level</error></testcase><testcase classname="" name="tests.test_parser_enhanced" time="0.000"><error message="collection failure">ImportError while importing test module '/Users/oli/code/GödelOS.md/tests/test_parser_enhanced.py'.
Hint: make sure your test modules/packages have valid Python names.
Traceback:
/opt/anaconda3/lib/python3.12/importlib/__init__.py:90: in import_module
    return _bootstrap._gcd_import(name[level:], package, level)
tests/test_parser_enhanced.py:20: in &lt;module&gt;
    from godelOS.core_kr.formal_logic_parser.parser import LogicParser
E   ImportError: cannot import name 'LogicParser' from 'godelOS.core_kr.formal_logic_parser.parser' (/Users/oli/code/GödelOS.md/godelOS/core_kr/formal_logic_parser/parser.py)</error></testcase><testcase classname="" name="tests.test_type_system_enhanced" time="0.000"><error message="collection failure">ImportError while importing test module '/Users/oli/code/GödelOS.md/tests/test_type_system_enhanced.py'.
Hint: make sure your test modules/packages have valid Python names.
Traceback:
/opt/anaconda3/lib/python3.12/importlib/__init__.py:90: in import_module
    return _bootstrap._gcd_import(name[level:], package, level)
tests/test_type_system_enhanced.py:15: in &lt;module&gt;
    from godelOS.core_kr.type_system.types import (
E   ImportError: cannot import name 'ParametricType' from 'godelOS.core_kr.type_system.types' (/Users/oli/code/GödelOS.md/godelOS/core_kr/type_system/types.py)</error></testcase></testsuite></testsuites>